[29-Oct-2020 22:03:43 America/Araguaina] PHP Parse error:  syntax error, unexpected 'iniciar' (T_STRING) in /usr/share/nginx/html/index.php on line 18
[29-Oct-2020 22:03:43 America/Araguaina] PHP Parse error:  syntax error, unexpected 'iniciar' (T_STRING) in /usr/share/nginx/html/index.php on line 18
[29-Oct-2020 22:03:52 America/Araguaina] PHP Parse error:  syntax error, unexpected 'iniciar' (T_STRING) in /usr/share/nginx/html/index.php on line 18
[29-Oct-2020 22:03:52 America/Araguaina] PHP Parse error:  syntax error, unexpected 'iniciar' (T_STRING) in /usr/share/nginx/html/index.php on line 18
[29-Oct-2020 22:04:05 America/Araguaina] PHP Parse error:  syntax error, unexpected 'iniciar' (T_STRING) in /usr/share/nginx/html/index.php on line 18
[29-Oct-2020 22:04:10 America/Araguaina] PHP Parse error:  syntax error, unexpected 'iniciar' (T_STRING) in /usr/share/nginx/html/index.php on line 18
[29-Oct-2020 22:04:11 America/Araguaina] PHP Parse error:  syntax error, unexpected 'iniciar' (T_STRING) in /usr/share/nginx/html/index.php on line 18
[29-Oct-2020 22:04:19 America/Araguaina] PHP Parse error:  syntax error, unexpected 'iniciar' (T_STRING) in /usr/share/nginx/html/index.php on line 18
[29-Oct-2020 22:04:21 America/Araguaina] PHP Parse error:  syntax error, unexpected 'iniciar' (T_STRING) in /usr/share/nginx/html/index.php on line 18
[29-Oct-2020 22:04:21 America/Araguaina] PHP Parse error:  syntax error, unexpected 'iniciar' (T_STRING) in /usr/share/nginx/html/index.php on line 18
[29-Oct-2020 22:04:22 America/Araguaina] PHP Parse error:  syntax error, unexpected 'iniciar' (T_STRING) in /usr/share/nginx/html/index.php on line 18
[29-Oct-2020 22:04:22 America/Araguaina] PHP Parse error:  syntax error, unexpected 'iniciar' (T_STRING) in /usr/share/nginx/html/index.php on line 18
[29-Oct-2020 22:04:23 America/Araguaina] PHP Parse error:  syntax error, unexpected 'iniciar' (T_STRING) in /usr/share/nginx/html/index.php on line 18
[29-Oct-2020 22:04:23 America/Araguaina] PHP Parse error:  syntax error, unexpected 'iniciar' (T_STRING) in /usr/share/nginx/html/index.php on line 18
[29-Oct-2020 22:04:37 America/Araguaina] PHP Parse error:  syntax error, unexpected 'iniciar' (T_STRING) in /usr/share/nginx/html/index.php on line 18
[29-Oct-2020 22:04:38 America/Araguaina] PHP Parse error:  syntax error, unexpected 'iniciar' (T_STRING) in /usr/share/nginx/html/index.php on line 18
[29-Oct-2020 22:05:56 America/Araguaina] PHP Parse error:  syntax error, unexpected 'iniciar' (T_STRING) in /usr/share/nginx/html/index.php on line 18
[29-Oct-2020 22:06:10 America/Araguaina] PHP Parse error:  syntax error, unexpected 'iniciar' (T_STRING) in /usr/share/nginx/html/index.php on line 18
[29-Oct-2020 22:06:20 America/Araguaina] PHP Parse error:  syntax error, unexpected 'iniciar' (T_STRING) in /usr/share/nginx/html/index.php on line 18
[29-Oct-2020 22:06:22 America/Araguaina] PHP Parse error:  syntax error, unexpected 'iniciar' (T_STRING) in /usr/share/nginx/html/index.php on line 18
[29-Oct-2020 22:06:29 America/Araguaina] PHP Parse error:  syntax error, unexpected 'iniciar' (T_STRING) in /usr/share/nginx/html/index.php on line 18
[29-Oct-2020 22:06:33 America/Araguaina] PHP Parse error:  syntax error, unexpected 'iniciar' (T_STRING) in /usr/share/nginx/html/index.php on line 18
[29-Oct-2020 22:06:40 America/Araguaina] PHP Parse error:  syntax error, unexpected 'iniciar' (T_STRING) in /usr/share/nginx/html/index.php on line 18
[29-Oct-2020 22:06:43 America/Araguaina] PHP Parse error:  syntax error, unexpected 'iniciar' (T_STRING) in /usr/share/nginx/html/index.php on line 18
[29-Oct-2020 22:06:45 America/Araguaina] PHP Parse error:  syntax error, unexpected 'iniciar' (T_STRING) in /usr/share/nginx/html/index.php on line 18
[29-Oct-2020 22:06:53 America/Araguaina] PHP Parse error:  syntax error, unexpected 'iniciar' (T_STRING) in /usr/share/nginx/html/index.php on line 18
[29-Oct-2020 22:07:05 America/Araguaina] PHP Parse error:  syntax error, unexpected 'iniciar' (T_STRING) in /usr/share/nginx/html/index.php on line 18
[29-Oct-2020 22:07:12 America/Araguaina] PHP Parse error:  syntax error, unexpected 'iniciar' (T_STRING) in /usr/share/nginx/html/index.php on line 18
[29-Oct-2020 22:07:12 America/Araguaina] PHP Parse error:  syntax error, unexpected 'iniciar' (T_STRING) in /usr/share/nginx/html/index.php on line 18
[29-Oct-2020 22:07:18 America/Araguaina] PHP Parse error:  syntax error, unexpected 'iniciar' (T_STRING) in /usr/share/nginx/html/index.php on line 18
[29-Oct-2020 22:07:18 America/Araguaina] PHP Parse error:  syntax error, unexpected 'iniciar' (T_STRING) in /usr/share/nginx/html/index.php on line 18
[29-Oct-2020 22:07:20 America/Araguaina] PHP Parse error:  syntax error, unexpected 'iniciar' (T_STRING) in /usr/share/nginx/html/index.php on line 18
[29-Oct-2020 22:07:21 America/Araguaina] PHP Parse error:  syntax error, unexpected 'iniciar' (T_STRING) in /usr/share/nginx/html/index.php on line 18
[29-Oct-2020 22:07:24 America/Araguaina] PHP Parse error:  syntax error, unexpected 'iniciar' (T_STRING) in /usr/share/nginx/html/index.php on line 18
[29-Oct-2020 22:07:25 America/Araguaina] PHP Parse error:  syntax error, unexpected 'iniciar' (T_STRING) in /usr/share/nginx/html/index.php on line 18
[29-Oct-2020 22:07:25 America/Araguaina] PHP Parse error:  syntax error, unexpected 'iniciar' (T_STRING) in /usr/share/nginx/html/index.php on line 18
[29-Oct-2020 22:07:26 America/Araguaina] PHP Parse error:  syntax error, unexpected 'iniciar' (T_STRING) in /usr/share/nginx/html/index.php on line 18
[29-Oct-2020 22:07:26 America/Araguaina] PHP Parse error:  syntax error, unexpected 'iniciar' (T_STRING) in /usr/share/nginx/html/index.php on line 18
[29-Oct-2020 22:07:27 America/Araguaina] PHP Parse error:  syntax error, unexpected 'iniciar' (T_STRING) in /usr/share/nginx/html/index.php on line 18
[29-Oct-2020 22:07:27 America/Araguaina] PHP Parse error:  syntax error, unexpected 'iniciar' (T_STRING) in /usr/share/nginx/html/index.php on line 18
[29-Oct-2020 22:07:27 America/Araguaina] PHP Parse error:  syntax error, unexpected 'iniciar' (T_STRING) in /usr/share/nginx/html/index.php on line 18
[29-Oct-2020 22:07:27 America/Araguaina] PHP Parse error:  syntax error, unexpected 'iniciar' (T_STRING) in /usr/share/nginx/html/index.php on line 18
[29-Oct-2020 22:07:28 America/Araguaina] PHP Parse error:  syntax error, unexpected 'iniciar' (T_STRING) in /usr/share/nginx/html/index.php on line 18
[29-Oct-2020 22:07:28 America/Araguaina] PHP Parse error:  syntax error, unexpected 'iniciar' (T_STRING) in /usr/share/nginx/html/index.php on line 18
[29-Oct-2020 22:07:28 America/Araguaina] PHP Parse error:  syntax error, unexpected 'iniciar' (T_STRING) in /usr/share/nginx/html/index.php on line 18
[29-Oct-2020 22:07:28 America/Araguaina] PHP Parse error:  syntax error, unexpected 'iniciar' (T_STRING) in /usr/share/nginx/html/index.php on line 18
[29-Oct-2020 22:07:28 America/Araguaina] PHP Parse error:  syntax error, unexpected 'iniciar' (T_STRING) in /usr/share/nginx/html/index.php on line 18
[29-Oct-2020 22:07:29 America/Araguaina] PHP Parse error:  syntax error, unexpected 'iniciar' (T_STRING) in /usr/share/nginx/html/index.php on line 18
[29-Oct-2020 22:07:29 America/Araguaina] PHP Parse error:  syntax error, unexpected 'iniciar' (T_STRING) in /usr/share/nginx/html/index.php on line 18
[29-Oct-2020 22:07:29 America/Araguaina] PHP Parse error:  syntax error, unexpected 'iniciar' (T_STRING) in /usr/share/nginx/html/index.php on line 18
[29-Oct-2020 22:07:29 America/Araguaina] PHP Parse error:  syntax error, unexpected 'iniciar' (T_STRING) in /usr/share/nginx/html/index.php on line 18
[29-Oct-2020 22:07:30 America/Araguaina] PHP Parse error:  syntax error, unexpected 'iniciar' (T_STRING) in /usr/share/nginx/html/index.php on line 18
[29-Oct-2020 22:07:30 America/Araguaina] PHP Parse error:  syntax error, unexpected 'iniciar' (T_STRING) in /usr/share/nginx/html/index.php on line 18
[29-Oct-2020 22:07:30 America/Araguaina] PHP Parse error:  syntax error, unexpected 'iniciar' (T_STRING) in /usr/share/nginx/html/index.php on line 18
[29-Oct-2020 22:07:30 America/Araguaina] PHP Parse error:  syntax error, unexpected 'iniciar' (T_STRING) in /usr/share/nginx/html/index.php on line 18
[29-Oct-2020 22:07:31 America/Araguaina] PHP Parse error:  syntax error, unexpected 'iniciar' (T_STRING) in /usr/share/nginx/html/index.php on line 18
[29-Oct-2020 22:07:31 America/Araguaina] PHP Parse error:  syntax error, unexpected 'iniciar' (T_STRING) in /usr/share/nginx/html/index.php on line 18
[29-Oct-2020 22:07:31 America/Araguaina] PHP Parse error:  syntax error, unexpected 'iniciar' (T_STRING) in /usr/share/nginx/html/index.php on line 18
[29-Oct-2020 22:07:32 America/Araguaina] PHP Parse error:  syntax error, unexpected 'iniciar' (T_STRING) in /usr/share/nginx/html/index.php on line 18
[29-Oct-2020 22:07:33 America/Araguaina] PHP Parse error:  syntax error, unexpected 'iniciar' (T_STRING) in /usr/share/nginx/html/index.php on line 18
[29-Oct-2020 22:07:34 America/Araguaina] PHP Parse error:  syntax error, unexpected 'iniciar' (T_STRING) in /usr/share/nginx/html/index.php on line 18
[29-Oct-2020 22:07:36 America/Araguaina] PHP Parse error:  syntax error, unexpected 'iniciar' (T_STRING) in /usr/share/nginx/html/index.php on line 18
[29-Oct-2020 22:07:39 America/Araguaina] PHP Parse error:  syntax error, unexpected 'iniciar' (T_STRING) in /usr/share/nginx/html/index.php on line 18
[29-Oct-2020 22:07:41 America/Araguaina] PHP Parse error:  syntax error, unexpected 'iniciar' (T_STRING) in /usr/share/nginx/html/index.php on line 18
[29-Oct-2020 22:07:41 America/Araguaina] PHP Parse error:  syntax error, unexpected 'iniciar' (T_STRING) in /usr/share/nginx/html/index.php on line 18
[29-Oct-2020 22:07:42 America/Araguaina] PHP Parse error:  syntax error, unexpected 'iniciar' (T_STRING) in /usr/share/nginx/html/index.php on line 18
[02-Nov-2020 11:29:37 America/Araguaina] PHP Warning:  Unknown: failed to open stream: No such file or directory in Unknown on line 0
[02-Nov-2020 11:29:38 America/Araguaina] PHP Fatal error:  Unknown: Failed opening required '/usr/share/nginx/html/index.php' (include_path='.:/usr/local/lib/php') in Unknown on line 0
[04-Nov-2020 22:36:53 America/Araguaina] PHP Warning:  Unknown: failed to open stream: No such file or directory in Unknown on line 0
[04-Nov-2020 22:36:53 America/Araguaina] PHP Fatal error:  Unknown: Failed opening required '/usr/share/nginx/html/index.php' (include_path='.:/usr/local/lib/php') in Unknown on line 0
[04-Nov-2020 22:37:27 America/Araguaina] PHP Warning:  require(/usr/share/nginx/html/../framework/config.php): failed to open stream: No such file or directory in /usr/share/nginx/html/index.php on line 2
[04-Nov-2020 22:37:27 America/Araguaina] PHP Warning:  require(/usr/share/nginx/html/../framework/config.php): failed to open stream: No such file or directory in /usr/share/nginx/html/index.php on line 2
[04-Nov-2020 22:37:27 America/Araguaina] PHP Stack trace:
[04-Nov-2020 22:37:27 America/Araguaina] PHP Stack trace:
[04-Nov-2020 22:37:28 America/Araguaina] PHP   1. {main}() /usr/share/nginx/html/index.php:0
[04-Nov-2020 22:37:28 America/Araguaina] PHP Fatal error:  require(): Failed opening required '/usr/share/nginx/html/../framework/config.php' (include_path='.:/usr/local/lib/php') in /usr/share/nginx/html/index.php on line 2
[04-Nov-2020 22:37:28 America/Araguaina] PHP Stack trace:
[04-Nov-2020 22:37:28 America/Araguaina] PHP   1. {main}() /usr/share/nginx/html/index.php:0
[04-Nov-2020 22:37:28 America/Araguaina] PHP   1. {main}() /usr/share/nginx/html/index.php:0
[04-Nov-2020 22:37:29 America/Araguaina] PHP Fatal error:  require(): Failed opening required '/usr/share/nginx/html/../framework/config.php' (include_path='.:/usr/local/lib/php') in /usr/share/nginx/html/index.php on line 2
[04-Nov-2020 22:37:29 America/Araguaina] PHP Warning:  require(/usr/share/nginx/html/../framework/config.php): failed to open stream: No such file or directory in /usr/share/nginx/html/index.php on line 2
[04-Nov-2020 22:37:29 America/Araguaina] PHP Stack trace:
[04-Nov-2020 22:37:29 America/Araguaina] PHP Stack trace:
[04-Nov-2020 22:37:29 America/Araguaina] PHP   1. {main}() /usr/share/nginx/html/index.php:0
[04-Nov-2020 22:37:29 America/Araguaina] PHP   1. {main}() /usr/share/nginx/html/index.php:0
[04-Nov-2020 22:37:30 America/Araguaina] PHP Fatal error:  require(): Failed opening required '/usr/share/nginx/html/../framework/config.php' (include_path='.:/usr/local/lib/php') in /usr/share/nginx/html/index.php on line 2
[04-Nov-2020 22:37:30 America/Araguaina] PHP Warning:  require(/usr/share/nginx/html/../framework/config.php): failed to open stream: No such file or directory in /usr/share/nginx/html/index.php on line 2
[04-Nov-2020 22:37:30 America/Araguaina] PHP Stack trace:
[04-Nov-2020 22:37:30 America/Araguaina] PHP   1. {main}() /usr/share/nginx/html/index.php:0
[04-Nov-2020 22:37:30 America/Araguaina] PHP Warning:  require(/usr/share/nginx/html/../framework/config.php): failed to open stream: No such file or directory in /usr/share/nginx/html/index.php on line 2
[04-Nov-2020 22:37:30 America/Araguaina] PHP Fatal error:  require(): Failed opening required '/usr/share/nginx/html/../framework/config.php' (include_path='.:/usr/local/lib/php') in /usr/share/nginx/html/index.php on line 2
[04-Nov-2020 22:37:30 America/Araguaina] PHP Stack trace:
[04-Nov-2020 22:37:30 America/Araguaina] PHP Stack trace:
[04-Nov-2020 22:37:30 America/Araguaina] PHP Stack trace:
[04-Nov-2020 22:37:30 America/Araguaina] PHP   1. {main}() /usr/share/nginx/html/index.php:0
[04-Nov-2020 22:37:30 America/Araguaina] PHP   1. {main}() /usr/share/nginx/html/index.php:0
[04-Nov-2020 22:37:30 America/Araguaina] PHP Fatal error:  require(): Failed opening required '/usr/share/nginx/html/../framework/config.php' (include_path='.:/usr/local/lib/php') in /usr/share/nginx/html/index.php on line 2
[04-Nov-2020 22:37:30 America/Araguaina] PHP Stack trace:
[04-Nov-2020 22:37:30 America/Araguaina] PHP   1. {main}() /usr/share/nginx/html/index.php:0
[04-Nov-2020 22:37:31 America/Araguaina] PHP   1. {main}() /usr/share/nginx/html/index.php:0
[04-Nov-2020 22:37:32 America/Araguaina] PHP Warning:  require(/usr/share/nginx/html/../framework/config.php): failed to open stream: No such file or directory in /usr/share/nginx/html/index.php on line 2
[04-Nov-2020 22:37:32 America/Araguaina] PHP Warning:  require(/usr/share/nginx/html/../framework/config.php): failed to open stream: No such file or directory in /usr/share/nginx/html/index.php on line 2
[04-Nov-2020 22:37:32 America/Araguaina] PHP Warning:  require(/usr/share/nginx/html/../framework/config.php): failed to open stream: No such file or directory in /usr/share/nginx/html/index.php on line 2
[04-Nov-2020 22:37:32 America/Araguaina] PHP Stack trace:
[04-Nov-2020 22:37:32 America/Araguaina] PHP   1. {main}() /usr/share/nginx/html/index.php:0
[04-Nov-2020 22:37:32 America/Araguaina] PHP Stack trace:
[04-Nov-2020 22:37:32 America/Araguaina] PHP Stack trace:
[04-Nov-2020 22:37:32 America/Araguaina] PHP   1. {main}() /usr/share/nginx/html/index.php:0
[04-Nov-2020 22:37:32 America/Araguaina] PHP   1. {main}() /usr/share/nginx/html/index.php:0
[04-Nov-2020 22:37:32 America/Araguaina] PHP Fatal error:  require(): Failed opening required '/usr/share/nginx/html/../framework/config.php' (include_path='.:/usr/local/lib/php') in /usr/share/nginx/html/index.php on line 2
[04-Nov-2020 22:37:32 America/Araguaina] PHP Warning:  require(/usr/share/nginx/html/../framework/config.php): failed to open stream: No such file or directory in /usr/share/nginx/html/index.php on line 2
[04-Nov-2020 22:37:32 America/Araguaina] PHP Stack trace:
[04-Nov-2020 22:37:32 America/Araguaina] PHP Stack trace:
[04-Nov-2020 22:37:32 America/Araguaina] PHP Fatal error:  require(): Failed opening required '/usr/share/nginx/html/../framework/config.php' (include_path='.:/usr/local/lib/php') in /usr/share/nginx/html/index.php on line 2
[04-Nov-2020 22:37:32 America/Araguaina] PHP Fatal error:  require(): Failed opening required '/usr/share/nginx/html/../framework/config.php' (include_path='.:/usr/local/lib/php') in /usr/share/nginx/html/index.php on line 2
[04-Nov-2020 22:37:32 America/Araguaina] PHP   1. {main}() /usr/share/nginx/html/index.php:0
[04-Nov-2020 22:37:32 America/Araguaina] PHP   1. {main}() /usr/share/nginx/html/index.php:0
[04-Nov-2020 22:37:32 America/Araguaina] PHP Stack trace:
[04-Nov-2020 22:37:33 America/Araguaina] PHP   1. {main}() /usr/share/nginx/html/index.php:0
[04-Nov-2020 22:37:33 America/Araguaina] PHP Warning:  require(/usr/share/nginx/html/../framework/config.php): failed to open stream: No such file or directory in /usr/share/nginx/html/index.php on line 2
[04-Nov-2020 22:37:33 America/Araguaina] PHP Warning:  require(/usr/share/nginx/html/../framework/config.php): failed to open stream: No such file or directory in /usr/share/nginx/html/index.php on line 2
[04-Nov-2020 22:37:33 America/Araguaina] PHP Stack trace:
[04-Nov-2020 22:37:33 America/Araguaina] PHP Stack trace:
[04-Nov-2020 22:37:33 America/Araguaina] PHP   1. {main}() /usr/share/nginx/html/index.php:0
[04-Nov-2020 22:37:33 America/Araguaina] PHP   1. {main}() /usr/share/nginx/html/index.php:0
[04-Nov-2020 22:37:33 America/Araguaina] PHP Fatal error:  require(): Failed opening required '/usr/share/nginx/html/../framework/config.php' (include_path='.:/usr/local/lib/php') in /usr/share/nginx/html/index.php on line 2
[04-Nov-2020 22:37:33 America/Araguaina] PHP Stack trace:
[04-Nov-2020 22:37:33 America/Araguaina] PHP Fatal error:  require(): Failed opening required '/usr/share/nginx/html/../framework/config.php' (include_path='.:/usr/local/lib/php') in /usr/share/nginx/html/index.php on line 2
[04-Nov-2020 22:37:33 America/Araguaina] PHP   1. {main}() /usr/share/nginx/html/index.php:0
[04-Nov-2020 22:37:33 America/Araguaina] PHP Stack trace:
[04-Nov-2020 22:37:33 America/Araguaina] PHP   1. {main}() /usr/share/nginx/html/index.php:0
[04-Nov-2020 22:37:33 America/Araguaina] PHP Stack trace:
[04-Nov-2020 22:37:33 America/Araguaina] PHP Fatal error:  require(): Failed opening required '/usr/share/nginx/html/../framework/config.php' (include_path='.:/usr/local/lib/php') in /usr/share/nginx/html/index.php on line 2
[04-Nov-2020 22:37:33 America/Araguaina] PHP Stack trace:
[04-Nov-2020 22:37:33 America/Araguaina] PHP   1. {main}() /usr/share/nginx/html/index.php:0
[04-Nov-2020 22:37:33 America/Araguaina] PHP Warning:  require(/usr/share/nginx/html/../framework/config.php): failed to open stream: No such file or directory in /usr/share/nginx/html/index.php on line 2
[04-Nov-2020 22:37:33 America/Araguaina] PHP Warning:  require(/usr/share/nginx/html/../framework/config.php): failed to open stream: No such file or directory in /usr/share/nginx/html/index.php on line 2
[04-Nov-2020 22:37:33 America/Araguaina] PHP Stack trace:
[04-Nov-2020 22:37:33 America/Araguaina] PHP   1. {main}() /usr/share/nginx/html/index.php:0
[04-Nov-2020 22:37:33 America/Araguaina] PHP Fatal error:  require(): Failed opening required '/usr/share/nginx/html/../framework/config.php' (include_path='.:/usr/local/lib/php') in /usr/share/nginx/html/index.php on line 2
[04-Nov-2020 22:37:33 America/Araguaina] PHP Stack trace:
[04-Nov-2020 22:37:33 America/Araguaina] PHP   1. {main}() /usr/share/nginx/html/index.php:0
[04-Nov-2020 22:37:33 America/Araguaina] PHP Warning:  require(/usr/share/nginx/html/../framework/config.php): failed to open stream: No such file or directory in /usr/share/nginx/html/index.php on line 2
[04-Nov-2020 22:37:33 America/Araguaina] PHP Stack trace:
[04-Nov-2020 22:37:33 America/Araguaina] PHP   1. {main}() /usr/share/nginx/html/index.php:0
[04-Nov-2020 22:37:34 America/Araguaina] PHP Stack trace:
[04-Nov-2020 22:37:34 America/Araguaina] PHP   1. {main}() /usr/share/nginx/html/index.php:0
[04-Nov-2020 22:37:34 America/Araguaina] PHP Warning:  require(/usr/share/nginx/html/../framework/config.php): failed to open stream: No such file or directory in /usr/share/nginx/html/index.php on line 2
[04-Nov-2020 22:37:34 America/Araguaina] PHP Fatal error:  require(): Failed opening required '/usr/share/nginx/html/../framework/config.php' (include_path='.:/usr/local/lib/php') in /usr/share/nginx/html/index.php on line 2
[04-Nov-2020 22:37:34 America/Araguaina] PHP Stack trace:
[04-Nov-2020 22:37:34 America/Araguaina] PHP Stack trace:
[04-Nov-2020 22:37:34 America/Araguaina] PHP   1. {main}() /usr/share/nginx/html/index.php:0
[04-Nov-2020 22:37:34 America/Araguaina] PHP   1. {main}() /usr/share/nginx/html/index.php:0
[04-Nov-2020 22:37:34 America/Araguaina] PHP Fatal error:  require(): Failed opening required '/usr/share/nginx/html/../framework/config.php' (include_path='.:/usr/local/lib/php') in /usr/share/nginx/html/index.php on line 2
[04-Nov-2020 22:37:34 America/Araguaina] PHP Warning:  require(/usr/share/nginx/html/../framework/config.php): failed to open stream: No such file or directory in /usr/share/nginx/html/index.php on line 2
[04-Nov-2020 22:37:34 America/Araguaina] PHP Stack trace:
[04-Nov-2020 22:37:34 America/Araguaina] PHP Stack trace:
[04-Nov-2020 22:37:34 America/Araguaina] PHP   1. {main}() /usr/share/nginx/html/index.php:0
[04-Nov-2020 22:37:34 America/Araguaina] PHP   1. {main}() /usr/share/nginx/html/index.php:0
[04-Nov-2020 22:37:34 America/Araguaina] PHP Fatal error:  require(): Failed opening required '/usr/share/nginx/html/../framework/config.php' (include_path='.:/usr/local/lib/php') in /usr/share/nginx/html/index.php on line 2
[04-Nov-2020 22:37:34 America/Araguaina] PHP Stack trace:
[04-Nov-2020 22:37:34 America/Araguaina] PHP   1. {main}() /usr/share/nginx/html/index.php:0
[04-Nov-2020 22:37:34 America/Araguaina] PHP   1. {main}() /usr/share/nginx/html/index.php:0
[04-Nov-2020 22:37:35 America/Araguaina] PHP Fatal error:  require(): Failed opening required '/usr/share/nginx/html/../framework/config.php' (include_path='.:/usr/local/lib/php') in /usr/share/nginx/html/index.php on line 2
[04-Nov-2020 22:37:35 America/Araguaina] PHP Stack trace:
[04-Nov-2020 22:37:36 America/Araguaina] PHP   1. {main}() /usr/share/nginx/html/index.php:0
[04-Nov-2020 22:37:38 America/Araguaina] PHP Warning:  require(/usr/share/nginx/html/../framework/config.php): failed to open stream: No such file or directory in /usr/share/nginx/html/index.php on line 2
[04-Nov-2020 22:37:38 America/Araguaina] PHP Warning:  require(/usr/share/nginx/html/../framework/config.php): failed to open stream: No such file or directory in /usr/share/nginx/html/index.php on line 2
[04-Nov-2020 22:37:38 America/Araguaina] PHP Stack trace:
[04-Nov-2020 22:37:38 America/Araguaina] PHP Stack trace:
[04-Nov-2020 22:37:38 America/Araguaina] PHP   1. {main}() /usr/share/nginx/html/index.php:0
[04-Nov-2020 22:37:38 America/Araguaina] PHP   1. {main}() /usr/share/nginx/html/index.php:0
[04-Nov-2020 22:37:38 America/Araguaina] PHP Fatal error:  require(): Failed opening required '/usr/share/nginx/html/../framework/config.php' (include_path='.:/usr/local/lib/php') in /usr/share/nginx/html/index.php on line 2
[04-Nov-2020 22:37:38 America/Araguaina] PHP Fatal error:  require(): Failed opening required '/usr/share/nginx/html/../framework/config.php' (include_path='.:/usr/local/lib/php') in /usr/share/nginx/html/index.php on line 2
[04-Nov-2020 22:37:38 America/Araguaina] PHP Stack trace:
[04-Nov-2020 22:37:38 America/Araguaina] PHP Stack trace:
[04-Nov-2020 22:37:38 America/Araguaina] PHP Warning:  require(/usr/share/nginx/html/../framework/config.php): failed to open stream: No such file or directory in /usr/share/nginx/html/index.php on line 2
[04-Nov-2020 22:37:39 America/Araguaina] PHP Stack trace:
[04-Nov-2020 22:37:39 America/Araguaina] PHP   1. {main}() /usr/share/nginx/html/index.php:0
[04-Nov-2020 22:37:39 America/Araguaina] PHP Fatal error:  require(): Failed opening required '/usr/share/nginx/html/../framework/config.php' (include_path='.:/usr/local/lib/php') in /usr/share/nginx/html/index.php on line 2
[04-Nov-2020 22:37:39 America/Araguaina] PHP Stack trace:
[04-Nov-2020 22:37:39 America/Araguaina] PHP   1. {main}() /usr/share/nginx/html/index.php:0
[04-Nov-2020 22:37:39 America/Araguaina] PHP Warning:  require(/usr/share/nginx/html/../framework/config.php): failed to open stream: No such file or directory in /usr/share/nginx/html/index.php on line 2
[04-Nov-2020 22:37:39 America/Araguaina] PHP Stack trace:
[04-Nov-2020 22:37:39 America/Araguaina] PHP   1. {main}() /usr/share/nginx/html/index.php:0
[04-Nov-2020 22:37:39 America/Araguaina] PHP Fatal error:  require(): Failed opening required '/usr/share/nginx/html/../framework/config.php' (include_path='.:/usr/local/lib/php') in /usr/share/nginx/html/index.php on line 2
[04-Nov-2020 22:37:39 America/Araguaina] PHP Stack trace:
[04-Nov-2020 22:37:39 America/Araguaina] PHP   1. {main}() /usr/share/nginx/html/index.php:0
[04-Nov-2020 22:37:39 America/Araguaina] PHP   1. {main}() /usr/share/nginx/html/index.php:0
[04-Nov-2020 22:37:39 America/Araguaina] PHP   1. {main}() /usr/share/nginx/html/index.php:0
[04-Nov-2020 22:37:40 America/Araguaina] PHP Warning:  require(/usr/share/nginx/html/../framework/config.php): failed to open stream: No such file or directory in /usr/share/nginx/html/index.php on line 2
[04-Nov-2020 22:37:40 America/Araguaina] PHP Stack trace:
[04-Nov-2020 22:37:40 America/Araguaina] PHP Warning:  require(/usr/share/nginx/html/../framework/config.php): failed to open stream: No such file or directory in /usr/share/nginx/html/index.php on line 2
[04-Nov-2020 22:37:40 America/Araguaina] PHP Warning:  require(/usr/share/nginx/html/../framework/config.php): failed to open stream: No such file or directory in /usr/share/nginx/html/index.php on line 2
[04-Nov-2020 22:37:40 America/Araguaina] PHP Stack trace:
[04-Nov-2020 22:37:40 America/Araguaina] PHP Stack trace:
[04-Nov-2020 22:37:40 America/Araguaina] PHP Warning:  require(/usr/share/nginx/html/../framework/config.php): failed to open stream: No such file or directory in /usr/share/nginx/html/index.php on line 2
[04-Nov-2020 22:37:40 America/Araguaina] PHP   1. {main}() /usr/share/nginx/html/index.php:0
[04-Nov-2020 22:37:40 America/Araguaina] PHP   1. {main}() /usr/share/nginx/html/index.php:0
[04-Nov-2020 22:37:40 America/Araguaina] PHP Fatal error:  require(): Failed opening required '/usr/share/nginx/html/../framework/config.php' (include_path='.:/usr/local/lib/php') in /usr/share/nginx/html/index.php on line 2
[04-Nov-2020 22:37:40 America/Araguaina] PHP Stack trace:
[04-Nov-2020 22:37:40 America/Araguaina] PHP   1. {main}() /usr/share/nginx/html/index.php:0
[04-Nov-2020 22:37:40 America/Araguaina] PHP Fatal error:  require(): Failed opening required '/usr/share/nginx/html/../framework/config.php' (include_path='.:/usr/local/lib/php') in /usr/share/nginx/html/index.php on line 2
[04-Nov-2020 22:37:40 America/Araguaina] PHP Fatal error:  require(): Failed opening required '/usr/share/nginx/html/../framework/config.php' (include_path='.:/usr/local/lib/php') in /usr/share/nginx/html/index.php on line 2
[04-Nov-2020 22:37:40 America/Araguaina] PHP Stack trace:
[04-Nov-2020 22:37:40 America/Araguaina] PHP   1. {main}() /usr/share/nginx/html/index.php:0
[04-Nov-2020 22:37:40 America/Araguaina] PHP Stack trace:
[04-Nov-2020 22:37:40 America/Araguaina] PHP   1. {main}() /usr/share/nginx/html/index.php:0
[04-Nov-2020 22:37:40 America/Araguaina] PHP Stack trace:
[04-Nov-2020 22:37:40 America/Araguaina] PHP   1. {main}() /usr/share/nginx/html/index.php:0
[04-Nov-2020 22:37:40 America/Araguaina] PHP Fatal error:  require(): Failed opening required '/usr/share/nginx/html/../framework/config.php' (include_path='.:/usr/local/lib/php') in /usr/share/nginx/html/index.php on line 2
[04-Nov-2020 22:37:41 America/Araguaina] PHP Stack trace:
[04-Nov-2020 22:37:41 America/Araguaina] PHP Warning:  require(/usr/share/nginx/html/../framework/config.php): failed to open stream: No such file or directory in /usr/share/nginx/html/index.php on line 2
[04-Nov-2020 22:37:41 America/Araguaina] PHP   1. {main}() /usr/share/nginx/html/index.php:0
[04-Nov-2020 22:37:41 America/Araguaina] PHP   1. {main}() /usr/share/nginx/html/index.php:0
[04-Nov-2020 22:37:41 America/Araguaina] PHP Stack trace:
[04-Nov-2020 22:37:41 America/Araguaina] PHP   1. {main}() /usr/share/nginx/html/index.php:0
[04-Nov-2020 22:37:41 America/Araguaina] PHP Fatal error:  require(): Failed opening required '/usr/share/nginx/html/../framework/config.php' (include_path='.:/usr/local/lib/php') in /usr/share/nginx/html/index.php on line 2
[04-Nov-2020 22:37:41 America/Araguaina] PHP Warning:  require(/usr/share/nginx/html/../framework/config.php): failed to open stream: No such file or directory in /usr/share/nginx/html/index.php on line 2
[04-Nov-2020 22:37:41 America/Araguaina] PHP Warning:  require(/usr/share/nginx/html/../framework/config.php): failed to open stream: No such file or directory in /usr/share/nginx/html/index.php on line 2
[04-Nov-2020 22:37:41 America/Araguaina] PHP Stack trace:
[04-Nov-2020 22:37:41 America/Araguaina] PHP Stack trace:
[04-Nov-2020 22:37:41 America/Araguaina] PHP Stack trace:
[04-Nov-2020 22:37:42 America/Araguaina] PHP   1. {main}() /usr/share/nginx/html/index.php:0
[04-Nov-2020 22:37:42 America/Araguaina] PHP   1. {main}() /usr/share/nginx/html/index.php:0
[04-Nov-2020 22:37:42 America/Araguaina] PHP Warning:  require(/usr/share/nginx/html/../framework/config.php): failed to open stream: No such file or directory in /usr/share/nginx/html/index.php on line 2
[04-Nov-2020 22:37:42 America/Araguaina] PHP   1. {main}() /usr/share/nginx/html/index.php:0
[04-Nov-2020 22:37:42 America/Araguaina] PHP Fatal error:  require(): Failed opening required '/usr/share/nginx/html/../framework/config.php' (include_path='.:/usr/local/lib/php') in /usr/share/nginx/html/index.php on line 2
[04-Nov-2020 22:37:42 America/Araguaina] PHP Warning:  require(/usr/share/nginx/html/../framework/config.php): failed to open stream: No such file or directory in /usr/share/nginx/html/index.php on line 2
[04-Nov-2020 22:37:42 America/Araguaina] PHP Stack trace:
[04-Nov-2020 22:37:42 America/Araguaina] PHP Stack trace:
[04-Nov-2020 22:37:42 America/Araguaina] PHP   1. {main}() /usr/share/nginx/html/index.php:0
[04-Nov-2020 22:37:42 America/Araguaina] PHP   1. {main}() /usr/share/nginx/html/index.php:0
[04-Nov-2020 22:37:42 America/Araguaina] PHP Warning:  require(/usr/share/nginx/html/../framework/config.php): failed to open stream: No such file or directory in /usr/share/nginx/html/index.php on line 2
[04-Nov-2020 22:37:42 America/Araguaina] PHP Fatal error:  require(): Failed opening required '/usr/share/nginx/html/../framework/config.php' (include_path='.:/usr/local/lib/php') in /usr/share/nginx/html/index.php on line 2
[04-Nov-2020 22:37:42 America/Araguaina] PHP Stack trace:
[04-Nov-2020 22:37:42 America/Araguaina] PHP Stack trace:
[04-Nov-2020 22:37:42 America/Araguaina] PHP   1. {main}() /usr/share/nginx/html/index.php:0
[04-Nov-2020 22:37:42 America/Araguaina] PHP   1. {main}() /usr/share/nginx/html/index.php:0
[04-Nov-2020 22:37:42 America/Araguaina] PHP Fatal error:  require(): Failed opening required '/usr/share/nginx/html/../framework/config.php' (include_path='.:/usr/local/lib/php') in /usr/share/nginx/html/index.php on line 2
[04-Nov-2020 22:37:42 America/Araguaina] PHP Stack trace:
[04-Nov-2020 22:37:42 America/Araguaina] PHP   1. {main}() /usr/share/nginx/html/index.php:0
[04-Nov-2020 22:37:42 America/Araguaina] PHP Fatal error:  require(): Failed opening required '/usr/share/nginx/html/../framework/config.php' (include_path='.:/usr/local/lib/php') in /usr/share/nginx/html/index.php on line 2
[04-Nov-2020 22:37:42 America/Araguaina] PHP Stack trace:
[04-Nov-2020 22:37:42 America/Araguaina] PHP Stack trace:
[04-Nov-2020 22:37:42 America/Araguaina] PHP   1. {main}() /usr/share/nginx/html/index.php:0
[04-Nov-2020 22:37:42 America/Araguaina] PHP   1. {main}() /usr/share/nginx/html/index.php:0
[04-Nov-2020 22:37:42 America/Araguaina] PHP Warning:  require(/usr/share/nginx/html/../framework/config.php): failed to open stream: No such file or directory in /usr/share/nginx/html/index.php on line 2
[04-Nov-2020 22:37:42 America/Araguaina] PHP Fatal error:  require(): Failed opening required '/usr/share/nginx/html/../framework/config.php' (include_path='.:/usr/local/lib/php') in /usr/share/nginx/html/index.php on line 2
[04-Nov-2020 22:37:42 America/Araguaina] PHP Stack trace:
[04-Nov-2020 22:37:43 America/Araguaina] PHP Warning:  require(/usr/share/nginx/html/../framework/config.php): failed to open stream: No such file or directory in /usr/share/nginx/html/index.php on line 2
[04-Nov-2020 22:37:43 America/Araguaina] PHP Stack trace:
[04-Nov-2020 22:37:43 America/Araguaina] PHP   1. {main}() /usr/share/nginx/html/index.php:0
[04-Nov-2020 22:37:43 America/Araguaina] PHP Stack trace:
[04-Nov-2020 22:37:43 America/Araguaina] PHP Warning:  require(/usr/share/nginx/html/../framework/config.php): failed to open stream: No such file or directory in /usr/share/nginx/html/index.php on line 2
[04-Nov-2020 22:37:43 America/Araguaina] PHP   1. {main}() /usr/share/nginx/html/index.php:0
[04-Nov-2020 22:37:43 America/Araguaina] PHP Fatal error:  require(): Failed opening required '/usr/share/nginx/html/../framework/config.php' (include_path='.:/usr/local/lib/php') in /usr/share/nginx/html/index.php on line 2
[04-Nov-2020 22:37:43 America/Araguaina] PHP   1. {main}() /usr/share/nginx/html/index.php:0
[04-Nov-2020 22:37:43 America/Araguaina] PHP Stack trace:
[04-Nov-2020 22:37:43 America/Araguaina] PHP Warning:  require(/usr/share/nginx/html/../framework/config.php): failed to open stream: No such file or directory in /usr/share/nginx/html/index.php on line 2
[04-Nov-2020 22:37:43 America/Araguaina] PHP Stack trace:
[04-Nov-2020 22:37:43 America/Araguaina] PHP Stack trace:
[04-Nov-2020 22:37:43 America/Araguaina] PHP   1. {main}() /usr/share/nginx/html/index.php:0
[04-Nov-2020 22:37:43 America/Araguaina] PHP Fatal error:  require(): Failed opening required '/usr/share/nginx/html/../framework/config.php' (include_path='.:/usr/local/lib/php') in /usr/share/nginx/html/index.php on line 2
[04-Nov-2020 22:37:43 America/Araguaina] PHP   1. {main}() /usr/share/nginx/html/index.php:0
[04-Nov-2020 22:37:43 America/Araguaina] PHP   1. {main}() /usr/share/nginx/html/index.php:0
[04-Nov-2020 22:37:43 America/Araguaina] PHP Warning:  require(/usr/share/nginx/html/../framework/config.php): failed to open stream: No such file or directory in /usr/share/nginx/html/index.php on line 2
[04-Nov-2020 22:37:43 America/Araguaina] PHP Stack trace:
[04-Nov-2020 22:37:43 America/Araguaina] PHP Stack trace:
[04-Nov-2020 22:37:43 America/Araguaina] PHP   1. {main}() /usr/share/nginx/html/index.php:0
[04-Nov-2020 22:37:43 America/Araguaina] PHP Fatal error:  require(): Failed opening required '/usr/share/nginx/html/../framework/config.php' (include_path='.:/usr/local/lib/php') in /usr/share/nginx/html/index.php on line 2
[04-Nov-2020 22:37:43 America/Araguaina] PHP Fatal error:  require(): Failed opening required '/usr/share/nginx/html/../framework/config.php' (include_path='.:/usr/local/lib/php') in /usr/share/nginx/html/index.php on line 2
[04-Nov-2020 22:37:43 America/Araguaina] PHP   1. {main}() /usr/share/nginx/html/index.php:0
[04-Nov-2020 22:37:43 America/Araguaina] PHP Stack trace:
[04-Nov-2020 22:37:43 America/Araguaina] PHP Stack trace:
[04-Nov-2020 22:37:43 America/Araguaina] PHP Fatal error:  require(): Failed opening required '/usr/share/nginx/html/../framework/config.php' (include_path='.:/usr/local/lib/php') in /usr/share/nginx/html/index.php on line 2
[04-Nov-2020 22:37:44 America/Araguaina] PHP   1. {main}() /usr/share/nginx/html/index.php:0
[04-Nov-2020 22:37:44 America/Araguaina] PHP   1. {main}() /usr/share/nginx/html/index.php:0
[04-Nov-2020 22:37:44 America/Araguaina] PHP Stack trace:
[04-Nov-2020 22:37:44 America/Araguaina] PHP   1. {main}() /usr/share/nginx/html/index.php:0
[04-Nov-2020 22:37:44 America/Araguaina] PHP Warning:  require(/usr/share/nginx/html/../framework/config.php): failed to open stream: No such file or directory in /usr/share/nginx/html/index.php on line 2
[04-Nov-2020 22:37:44 America/Araguaina] PHP Warning:  require(/usr/share/nginx/html/../framework/config.php): failed to open stream: No such file or directory in /usr/share/nginx/html/index.php on line 2
[04-Nov-2020 22:37:44 America/Araguaina] PHP Stack trace:
[04-Nov-2020 22:37:44 America/Araguaina] PHP Stack trace:
[04-Nov-2020 22:37:44 America/Araguaina] PHP   1. {main}() /usr/share/nginx/html/index.php:0
[04-Nov-2020 22:37:44 America/Araguaina] PHP   1. {main}() /usr/share/nginx/html/index.php:0
[04-Nov-2020 22:37:44 America/Araguaina] PHP Fatal error:  require(): Failed opening required '/usr/share/nginx/html/../framework/config.php' (include_path='.:/usr/local/lib/php') in /usr/share/nginx/html/index.php on line 2
[04-Nov-2020 22:37:44 America/Araguaina] PHP Fatal error:  require(): Failed opening required '/usr/share/nginx/html/../framework/config.php' (include_path='.:/usr/local/lib/php') in /usr/share/nginx/html/index.php on line 2
[04-Nov-2020 22:37:45 America/Araguaina] PHP Warning:  require(/usr/share/nginx/html/../framework/config.php): failed to open stream: No such file or directory in /usr/share/nginx/html/index.php on line 2
[04-Nov-2020 22:37:45 America/Araguaina] PHP Warning:  require(/usr/share/nginx/html/../framework/config.php): failed to open stream: No such file or directory in /usr/share/nginx/html/index.php on line 2
[04-Nov-2020 22:37:45 America/Araguaina] PHP Stack trace:
[04-Nov-2020 22:37:45 America/Araguaina] PHP Stack trace:
[04-Nov-2020 22:37:45 America/Araguaina] PHP Stack trace:
[04-Nov-2020 22:37:45 America/Araguaina] PHP Stack trace:
[04-Nov-2020 22:37:45 America/Araguaina] PHP   1. {main}() /usr/share/nginx/html/index.php:0
[04-Nov-2020 22:37:45 America/Araguaina] PHP   1. {main}() /usr/share/nginx/html/index.php:0
[04-Nov-2020 22:37:45 America/Araguaina] PHP   1. {main}() /usr/share/nginx/html/index.php:0
[04-Nov-2020 22:37:45 America/Araguaina] PHP   1. {main}() /usr/share/nginx/html/index.php:0
[04-Nov-2020 22:37:45 America/Araguaina] PHP Warning:  require(/usr/share/nginx/html/../framework/config.php): failed to open stream: No such file or directory in /usr/share/nginx/html/index.php on line 2
[04-Nov-2020 22:37:45 America/Araguaina] PHP Fatal error:  require(): Failed opening required '/usr/share/nginx/html/../framework/config.php' (include_path='.:/usr/local/lib/php') in /usr/share/nginx/html/index.php on line 2
[04-Nov-2020 22:37:45 America/Araguaina] PHP Fatal error:  require(): Failed opening required '/usr/share/nginx/html/../framework/config.php' (include_path='.:/usr/local/lib/php') in /usr/share/nginx/html/index.php on line 2
[04-Nov-2020 22:37:45 America/Araguaina] PHP Stack trace:
[04-Nov-2020 22:37:45 America/Araguaina] PHP Stack trace:
[04-Nov-2020 22:37:45 America/Araguaina] PHP Warning:  require(/usr/share/nginx/html/../framework/config.php): failed to open stream: No such file or directory in /usr/share/nginx/html/index.php on line 2
[04-Nov-2020 22:37:45 America/Araguaina] PHP Stack trace:
[04-Nov-2020 22:37:45 America/Araguaina] PHP Warning:  require(/usr/share/nginx/html/../framework/config.php): failed to open stream: No such file or directory in /usr/share/nginx/html/index.php on line 2
[04-Nov-2020 22:37:45 America/Araguaina] PHP   1. {main}() /usr/share/nginx/html/index.php:0
[04-Nov-2020 22:37:45 America/Araguaina] PHP Stack trace:
[04-Nov-2020 22:37:45 America/Araguaina] PHP   1. {main}() /usr/share/nginx/html/index.php:0
[04-Nov-2020 22:37:45 America/Araguaina] PHP Stack trace:
[04-Nov-2020 22:37:45 America/Araguaina] PHP   1. {main}() /usr/share/nginx/html/index.php:0
[04-Nov-2020 22:37:46 America/Araguaina] PHP   1. {main}() /usr/share/nginx/html/index.php:0
[04-Nov-2020 22:37:46 America/Araguaina] PHP   1. {main}() /usr/share/nginx/html/index.php:0
[04-Nov-2020 22:37:46 America/Araguaina] PHP Fatal error:  require(): Failed opening required '/usr/share/nginx/html/../framework/config.php' (include_path='.:/usr/local/lib/php') in /usr/share/nginx/html/index.php on line 2
[04-Nov-2020 22:37:46 America/Araguaina] PHP Stack trace:
[04-Nov-2020 22:37:46 America/Araguaina] PHP Fatal error:  require(): Failed opening required '/usr/share/nginx/html/../framework/config.php' (include_path='.:/usr/local/lib/php') in /usr/share/nginx/html/index.php on line 2
[04-Nov-2020 22:37:46 America/Araguaina] PHP Fatal error:  require(): Failed opening required '/usr/share/nginx/html/../framework/config.php' (include_path='.:/usr/local/lib/php') in /usr/share/nginx/html/index.php on line 2
[04-Nov-2020 22:37:46 America/Araguaina] PHP Warning:  require(/usr/share/nginx/html/../framework/config.php): failed to open stream: No such file or directory in /usr/share/nginx/html/index.php on line 2
[04-Nov-2020 22:37:46 America/Araguaina] PHP Warning:  require(/usr/share/nginx/html/../framework/config.php): failed to open stream: No such file or directory in /usr/share/nginx/html/index.php on line 2
[04-Nov-2020 22:37:46 America/Araguaina] PHP Stack trace:
[04-Nov-2020 22:37:46 America/Araguaina] PHP   1. {main}() /usr/share/nginx/html/index.php:0
[04-Nov-2020 22:37:46 America/Araguaina] PHP Stack trace:
[04-Nov-2020 22:37:46 America/Araguaina] PHP   1. {main}() /usr/share/nginx/html/index.php:0
[04-Nov-2020 22:37:46 America/Araguaina] PHP Warning:  require(/usr/share/nginx/html/../framework/config.php): failed to open stream: No such file or directory in /usr/share/nginx/html/index.php on line 2
[04-Nov-2020 22:37:46 America/Araguaina] PHP   1. {main}() /usr/share/nginx/html/index.php:0
[04-Nov-2020 22:37:46 America/Araguaina] PHP Stack trace:
[04-Nov-2020 22:37:46 America/Araguaina] PHP Fatal error:  require(): Failed opening required '/usr/share/nginx/html/../framework/config.php' (include_path='.:/usr/local/lib/php') in /usr/share/nginx/html/index.php on line 2
[04-Nov-2020 22:37:46 America/Araguaina] PHP   1. {main}() /usr/share/nginx/html/index.php:0
[04-Nov-2020 22:37:46 America/Araguaina] PHP Stack trace:
[04-Nov-2020 22:37:46 America/Araguaina] PHP Fatal error:  require(): Failed opening required '/usr/share/nginx/html/../framework/config.php' (include_path='.:/usr/local/lib/php') in /usr/share/nginx/html/index.php on line 2
[04-Nov-2020 22:37:46 America/Araguaina] PHP   1. {main}() /usr/share/nginx/html/index.php:0
[04-Nov-2020 22:37:46 America/Araguaina] PHP Stack trace:
[04-Nov-2020 22:37:46 America/Araguaina] PHP   1. {main}() /usr/share/nginx/html/index.php:0
[04-Nov-2020 22:37:46 America/Araguaina] PHP Stack trace:
[04-Nov-2020 22:37:46 America/Araguaina] PHP Stack trace:
[04-Nov-2020 22:37:46 America/Araguaina] PHP   1. {main}() /usr/share/nginx/html/index.php:0
[04-Nov-2020 22:37:46 America/Araguaina] PHP   1. {main}() /usr/share/nginx/html/index.php:0
[04-Nov-2020 22:37:46 America/Araguaina] PHP Fatal error:  require(): Failed opening required '/usr/share/nginx/html/../framework/config.php' (include_path='.:/usr/local/lib/php') in /usr/share/nginx/html/index.php on line 2
[04-Nov-2020 22:37:46 America/Araguaina] PHP Stack trace:
[04-Nov-2020 22:37:46 America/Araguaina] PHP Warning:  require(/usr/share/nginx/html/../framework/config.php): failed to open stream: No such file or directory in /usr/share/nginx/html/index.php on line 2
[04-Nov-2020 22:37:46 America/Araguaina] PHP   1. {main}() /usr/share/nginx/html/index.php:0
[04-Nov-2020 22:37:46 America/Araguaina] PHP Stack trace:
[04-Nov-2020 22:37:46 America/Araguaina] PHP   1. {main}() /usr/share/nginx/html/index.php:0
[04-Nov-2020 22:37:46 America/Araguaina] PHP Fatal error:  require(): Failed opening required '/usr/share/nginx/html/../framework/config.php' (include_path='.:/usr/local/lib/php') in /usr/share/nginx/html/index.php on line 2
[04-Nov-2020 22:37:46 America/Araguaina] PHP Stack trace:
[04-Nov-2020 22:37:46 America/Araguaina] PHP   1. {main}() /usr/share/nginx/html/index.php:0
[04-Nov-2020 22:37:46 America/Araguaina] PHP Warning:  require(/usr/share/nginx/html/../framework/config.php): failed to open stream: No such file or directory in /usr/share/nginx/html/index.php on line 2
[04-Nov-2020 22:37:46 America/Araguaina] PHP Stack trace:
[04-Nov-2020 22:37:46 America/Araguaina] PHP   1. {main}() /usr/share/nginx/html/index.php:0
[04-Nov-2020 22:37:47 America/Araguaina] PHP Fatal error:  require(): Failed opening required '/usr/share/nginx/html/../framework/config.php' (include_path='.:/usr/local/lib/php') in /usr/share/nginx/html/index.php on line 2
[04-Nov-2020 22:37:47 America/Araguaina] PHP Stack trace:
[04-Nov-2020 22:37:47 America/Araguaina] PHP   1. {main}() /usr/share/nginx/html/index.php:0
[04-Nov-2020 22:49:33 America/Araguaina] PHP Fatal error:  Uncaught ArgumentCountError: Too few arguments to function PHPClassSession(), 1 passed in /usr/share/nginx/html/Comandos de saida/index.php on line 5 and at least 2 expected in /usr/share/nginx/html/framework/config.php:47
Stack trace:
#0 /usr/share/nginx/html/Comandos de saida/index.php(5): PHPClassSession()
#1 {main}
  thrown in /usr/share/nginx/html/framework/config.php on line 47
[04-Nov-2020 22:49:34 America/Araguaina] PHP Fatal error:  Uncaught ArgumentCountError: Too few arguments to function PHPClassSession(), 1 passed in /usr/share/nginx/html/Comandos de saida/index.php on line 5 and at least 2 expected in /usr/share/nginx/html/framework/config.php:47
Stack trace:
#0 /usr/share/nginx/html/Comandos de saida/index.php(5): PHPClassSession()
#1 {main}
  thrown in /usr/share/nginx/html/framework/config.php on line 47
[08-Nov-2020 15:07:19 America/Araguaina] PHP Warning:  Unknown: failed to open stream: No such file or directory in Unknown on line 0
[08-Nov-2020 15:07:19 America/Araguaina] PHP Fatal error:  Unknown: Failed opening required '/usr/share/nginx/html/index.php' (include_path='.:/usr/local/lib/php') in Unknown on line 0
[08-Nov-2020 15:07:23 America/Araguaina] PHP Warning:  require(/usr/share/nginx/html/../framework/config.php): failed to open stream: No such file or directory in /usr/share/nginx/html/index copy.php on line 2
[08-Nov-2020 15:07:23 America/Araguaina] PHP Stack trace:
[08-Nov-2020 15:07:23 America/Araguaina] PHP   1. {main}() /usr/share/nginx/html/index copy.php:0
[08-Nov-2020 15:07:23 America/Araguaina] PHP Fatal error:  require(): Failed opening required '/usr/share/nginx/html/../framework/config.php' (include_path='.:/usr/local/lib/php') in /usr/share/nginx/html/index copy.php on line 2
[08-Nov-2020 15:07:23 America/Araguaina] PHP Stack trace:
[08-Nov-2020 15:07:24 America/Araguaina] PHP   1. {main}() /usr/share/nginx/html/index copy.php:0
[08-Nov-2020 15:07:27 America/Araguaina] PHP Warning:  require(/usr/share/nginx/html/../framework/config.php): failed to open stream: No such file or directory in /usr/share/nginx/html/index copy.php on line 2
[08-Nov-2020 15:07:27 America/Araguaina] PHP Stack trace:
[08-Nov-2020 15:07:27 America/Araguaina] PHP   1. {main}() /usr/share/nginx/html/index copy.php:0
[08-Nov-2020 15:07:27 America/Araguaina] PHP Fatal error:  require(): Failed opening required '/usr/share/nginx/html/../framework/config.php' (include_path='.:/usr/local/lib/php') in /usr/share/nginx/html/index copy.php on line 2
[08-Nov-2020 15:07:27 America/Araguaina] PHP Stack trace:
[08-Nov-2020 15:07:27 America/Araguaina] PHP   1. {main}() /usr/share/nginx/html/index copy.php:0
<<<<<<< HEAD
[09-Nov-2020 16:45:33 America/Araguaina] PHP Fatal error:  require_once(): Failed opening required '/usr/share/nginx/html/2.3_Variaveis_tipos_de_dados/../vendor/autoload.php' (include_path='.:/usr/local/lib/php') in /usr/share/nginx/html/2.3_Variaveis_tipos_de_dados/index.php on line 4
[09-Nov-2020 16:45:33 America/Araguaina] PHP Stack trace:
[09-Nov-2020 16:45:33 America/Araguaina] PHP   1. {main}() /usr/share/nginx/html/2.3_Variaveis_tipos_de_dados/index.php:0
[09-Nov-2020 16:45:44 America/Araguaina] PHP Fatal error:  require_once(): Failed opening required '/usr/share/nginx/html/2.3_Variaveis_tipos_de_dados/../vendor/autoload.php' (include_path='.:/usr/local/lib/php') in /usr/share/nginx/html/2.3_Variaveis_tipos_de_dados/index.php on line 4
[09-Nov-2020 16:45:44 America/Araguaina] PHP Stack trace:
[09-Nov-2020 16:45:44 America/Araguaina] PHP   1. {main}() /usr/share/nginx/html/2.3_Variaveis_tipos_de_dados/index.php:0
[09-Nov-2020 16:45:45 America/Araguaina] PHP Fatal error:  require_once(): Failed opening required '/usr/share/nginx/html/2.3_Variaveis_tipos_de_dados/../vendor/autoload.php' (include_path='.:/usr/local/lib/php') in /usr/share/nginx/html/2.3_Variaveis_tipos_de_dados/index.php on line 4
[09-Nov-2020 16:45:45 America/Araguaina] PHP Stack trace:
[09-Nov-2020 16:45:45 America/Araguaina] PHP   1. {main}() /usr/share/nginx/html/2.3_Variaveis_tipos_de_dados/index.php:0
[09-Nov-2020 16:45:46 America/Araguaina] PHP Fatal error:  require_once(): Failed opening required '/usr/share/nginx/html/2.3_Variaveis_tipos_de_dados/../vendor/autoload.php' (include_path='.:/usr/local/lib/php') in /usr/share/nginx/html/2.3_Variaveis_tipos_de_dados/index.php on line 4
[09-Nov-2020 16:45:46 America/Araguaina] PHP Stack trace:
[09-Nov-2020 16:45:46 America/Araguaina] PHP   1. {main}() /usr/share/nginx/html/2.3_Variaveis_tipos_de_dados/index.php:0
[09-Nov-2020 16:45:49 America/Araguaina] PHP Fatal error:  require_once(): Failed opening required '/usr/share/nginx/html/2.3_Variaveis_tipos_de_dados/../vendor/autoload.php' (include_path='.:/usr/local/lib/php') in /usr/share/nginx/html/2.3_Variaveis_tipos_de_dados/index.php on line 4
[09-Nov-2020 16:45:49 America/Araguaina] PHP Stack trace:
[09-Nov-2020 16:45:49 America/Araguaina] PHP   1. {main}() /usr/share/nginx/html/2.3_Variaveis_tipos_de_dados/index.php:0
[09-Nov-2020 17:08:02 America/Araguaina] PHP Parse error:  syntax error, unexpected end of file, expecting variable (T_VARIABLE) or '{' or '$' in /usr/share/nginx/html/2.3_Variaveis_tipos_de_dados/index.php on line 10
[09-Nov-2020 17:08:26 America/Araguaina] PHP Parse error:  syntax error, unexpected end of file, expecting variable (T_VARIABLE) or '{' or '$' in /usr/share/nginx/html/2.3_Variaveis_tipos_de_dados/index.php on line 11
[09-Nov-2020 17:08:33 America/Araguaina] PHP Parse error:  syntax error, unexpected end of file, expecting variable (T_VARIABLE) or '{' or '$' in /usr/share/nginx/html/2.3_Variaveis_tipos_de_dados/index.php on line 11
[09-Nov-2020 17:08:47 America/Araguaina] PHP Parse error:  syntax error, unexpected end of file, expecting variable (T_VARIABLE) or '{' or '$' in /usr/share/nginx/html/2.3_Variaveis_tipos_de_dados/index.php on line 11
[09-Nov-2020 17:10:09 America/Araguaina] PHP Parse error:  syntax error, unexpected '=' in /usr/share/nginx/html/2.3_Variaveis_tipos_de_dados/index.php on line 14
[09-Nov-2020 17:11:03 America/Araguaina] PHP Parse error:  syntax error, unexpected '=' in /usr/share/nginx/html/2.3_Variaveis_tipos_de_dados/index.php on line 15
[09-Nov-2020 17:11:16 America/Araguaina] PHP Parse error:  syntax error, unexpected '=' in /usr/share/nginx/html/2.3_Variaveis_tipos_de_dados/index.php on line 15
[09-Nov-2020 17:11:53 America/Araguaina] PHP Parse error:  syntax error, unexpected '=' in /usr/share/nginx/html/2.3_Variaveis_tipos_de_dados/index.php on line 15
[09-Nov-2020 17:19:36 America/Araguaina] PHP Fatal error:  Uncaught ArgumentCountError: Too few arguments to function PHPClassSession(), 1 passed in /usr/share/nginx/html/2.3_Variaveis_tipos_de_dados/index.php on line 10 and at least 2 expected in /usr/share/nginx/html/framework/config.php:47
Stack trace:
#0 /usr/share/nginx/html/2.3_Variaveis_tipos_de_dados/index.php(10): PHPClassSession()
#1 {main}
  thrown in /usr/share/nginx/html/framework/config.php on line 47
[09-Nov-2020 17:35:25 America/Araguaina] PHP Parse error:  syntax error, unexpected 'PHPClassSession' (T_STRING), expecting variable (T_VARIABLE) or '{' or '$' in /usr/share/nginx/html/2.3_Variaveis_tipos_de_dados/index.php on line 21
=======
[09-Nov-2020 17:50:24 America/Araguaina] PHP Warning:  Unknown: failed to open stream: No such file or directory in Unknown on line 0
[09-Nov-2020 17:50:24 America/Araguaina] PHP Fatal error:  Unknown: Failed opening required '/usr/share/nginx/html/2.3_Variaveis_tipos_de_dados/index2.5.php' (include_path='.:/usr/local/lib/php') in Unknown on line 0
>>>>>>> master
[10-Nov-2020 17:14:03 America/Araguaina] PHP Parse error:  syntax error, unexpected end of file in /usr/share/nginx/html/2.4_Operadores/index.php on line 13
[10-Nov-2020 17:14:03 America/Araguaina] PHP Parse error:  syntax error, unexpected end of file in /usr/share/nginx/html/2.4_Operadores/index.php on line 13
[10-Nov-2020 17:14:03 America/Araguaina] PHP Parse error:  syntax error, unexpected end of file in /usr/share/nginx/html/2.4_Operadores/index.php on line 13
[10-Nov-2020 17:15:49 America/Araguaina] PHP Parse error:  syntax error, unexpected ']' in /usr/share/nginx/html/2.4_Operadores/index.php on line 14
[10-Nov-2020 17:16:22 America/Araguaina] PHP Parse error:  syntax error, unexpected '{' in /usr/share/nginx/html/2.4_Operadores/index.php on line 13
[10-Nov-2020 17:16:27 America/Araguaina] PHP Parse error:  syntax error, unexpected '{' in /usr/share/nginx/html/2.4_Operadores/index.php on line 13
[10-Nov-2020 17:16:30 America/Araguaina] PHP Parse error:  syntax error, unexpected '{' in /usr/share/nginx/html/2.4_Operadores/index.php on line 13
[10-Nov-2020 17:16:32 America/Araguaina] PHP Parse error:  syntax error, unexpected '{' in /usr/share/nginx/html/2.4_Operadores/index.php on line 13
[10-Nov-2020 17:16:33 America/Araguaina] PHP Parse error:  syntax error, unexpected '{' in /usr/share/nginx/html/2.4_Operadores/index.php on line 13
[10-Nov-2020 17:16:39 America/Araguaina] PHP Parse error:  syntax error, unexpected '+=' (T_PLUS_EQUAL) in /usr/share/nginx/html/2.4_Operadores/index.php on line 13
[10-Nov-2020 17:16:43 America/Araguaina] PHP Parse error:  syntax error, unexpected '+=' (T_PLUS_EQUAL) in /usr/share/nginx/html/2.4_Operadores/index.php on line 13
[10-Nov-2020 17:16:48 America/Araguaina] PHP Parse error:  syntax error, unexpected '+=' (T_PLUS_EQUAL) in /usr/share/nginx/html/2.4_Operadores/index.php on line 13
[10-Nov-2020 17:17:27 America/Araguaina] PHP Parse error:  syntax error, unexpected ';', expecting ']' in /usr/share/nginx/html/2.4_Operadores/index.php on line 13
[10-Nov-2020 17:17:36 America/Araguaina] PHP Parse error:  syntax error, unexpected ';', expecting ']' in /usr/share/nginx/html/2.4_Operadores/index.php on line 13
[10-Nov-2020 17:17:46 America/Araguaina] PHP Parse error:  syntax error, unexpected ';', expecting ']' in /usr/share/nginx/html/2.4_Operadores/index.php on line 13
[11-Nov-2020 09:13:37 America/Araguaina] PHP Parse error:  syntax error, unexpected ':' in /usr/share/nginx/html/2.5_Arrays_e_Pilhas/index1.php on line 15
[11-Nov-2020 09:40:57 America/Araguaina] PHP Parse error:  syntax error, unexpected end of file in /usr/share/nginx/html/2.5_Arrays_e_Pilhas/index1.php on line 42
[11-Nov-2020 09:42:40 America/Araguaina] PHP Parse error:  syntax error, unexpected end of file in /usr/share/nginx/html/2.5_Arrays_e_Pilhas/index1.php on line 49
[11-Nov-2020 09:44:29 America/Araguaina] PHP Parse error:  syntax error, unexpected end of file in /usr/share/nginx/html/2.5_Arrays_e_Pilhas/index1.php on line 56
[11-Nov-2020 09:44:30 America/Araguaina] PHP Parse error:  syntax error, unexpected end of file in /usr/share/nginx/html/2.5_Arrays_e_Pilhas/index1.php on line 56
[11-Nov-2020 09:44:30 America/Araguaina] PHP Parse error:  syntax error, unexpected end of file in /usr/share/nginx/html/2.5_Arrays_e_Pilhas/index1.php on line 56
[11-Nov-2020 09:44:31 America/Araguaina] PHP Parse error:  syntax error, unexpected end of file in /usr/share/nginx/html/2.5_Arrays_e_Pilhas/index1.php on line 56
[11-Nov-2020 09:44:31 America/Araguaina] PHP Parse error:  syntax error, unexpected end of file in /usr/share/nginx/html/2.5_Arrays_e_Pilhas/index1.php on line 56
[11-Nov-2020 09:44:32 America/Araguaina] PHP Parse error:  syntax error, unexpected end of file in /usr/share/nginx/html/2.5_Arrays_e_Pilhas/index1.php on line 56
[11-Nov-2020 09:44:32 America/Araguaina] PHP Parse error:  syntax error, unexpected end of file in /usr/share/nginx/html/2.5_Arrays_e_Pilhas/index1.php on line 56
[11-Nov-2020 09:44:32 America/Araguaina] PHP Parse error:  syntax error, unexpected end of file in /usr/share/nginx/html/2.5_Arrays_e_Pilhas/index1.php on line 56
[11-Nov-2020 09:44:33 America/Araguaina] PHP Parse error:  syntax error, unexpected end of file in /usr/share/nginx/html/2.5_Arrays_e_Pilhas/index1.php on line 56
[11-Nov-2020 09:44:35 America/Araguaina] PHP Parse error:  syntax error, unexpected end of file in /usr/share/nginx/html/2.5_Arrays_e_Pilhas/index1.php on line 56
[11-Nov-2020 09:44:35 America/Araguaina] PHP Parse error:  syntax error, unexpected end of file in /usr/share/nginx/html/2.5_Arrays_e_Pilhas/index1.php on line 56
[11-Nov-2020 09:44:35 America/Araguaina] PHP Parse error:  syntax error, unexpected end of file in /usr/share/nginx/html/2.5_Arrays_e_Pilhas/index1.php on line 56
[11-Nov-2020 09:44:36 America/Araguaina] PHP Parse error:  syntax error, unexpected end of file in /usr/share/nginx/html/2.5_Arrays_e_Pilhas/index1.php on line 56
[11-Nov-2020 09:44:39 America/Araguaina] PHP Parse error:  syntax error, unexpected end of file in /usr/share/nginx/html/2.5_Arrays_e_Pilhas/index1.php on line 56
[11-Nov-2020 09:44:40 America/Araguaina] PHP Parse error:  syntax error, unexpected end of file in /usr/share/nginx/html/2.5_Arrays_e_Pilhas/index1.php on line 56
[11-Nov-2020 09:44:41 America/Araguaina] PHP Parse error:  syntax error, unexpected end of file in /usr/share/nginx/html/2.5_Arrays_e_Pilhas/index1.php on line 56
[11-Nov-2020 09:45:04 America/Araguaina] PHP Parse error:  syntax error, unexpected end of file, expecting ';' or ',' in /usr/share/nginx/html/2.5_Arrays_e_Pilhas/index1.php on line 63
[11-Nov-2020 09:45:07 America/Araguaina] PHP Parse error:  syntax error, unexpected end of file, expecting ';' or ',' in /usr/share/nginx/html/2.5_Arrays_e_Pilhas/index1.php on line 63
[11-Nov-2020 09:45:08 America/Araguaina] PHP Parse error:  syntax error, unexpected end of file, expecting ';' or ',' in /usr/share/nginx/html/2.5_Arrays_e_Pilhas/index1.php on line 63
[11-Nov-2020 09:45:08 America/Araguaina] PHP Parse error:  syntax error, unexpected end of file, expecting ';' or ',' in /usr/share/nginx/html/2.5_Arrays_e_Pilhas/index1.php on line 63
[11-Nov-2020 09:45:09 America/Araguaina] PHP Parse error:  syntax error, unexpected end of file, expecting ';' or ',' in /usr/share/nginx/html/2.5_Arrays_e_Pilhas/index1.php on line 63
[11-Nov-2020 09:45:12 America/Araguaina] PHP Parse error:  syntax error, unexpected 'echo' (T_ECHO), expecting ';' or ',' in /usr/share/nginx/html/2.5_Arrays_e_Pilhas/index1.php on line 63
[11-Nov-2020 09:45:12 America/Araguaina] PHP Parse error:  syntax error, unexpected 'echo' (T_ECHO), expecting ';' or ',' in /usr/share/nginx/html/2.5_Arrays_e_Pilhas/index1.php on line 63
[11-Nov-2020 09:45:12 America/Araguaina] PHP Parse error:  syntax error, unexpected 'echo' (T_ECHO), expecting ';' or ',' in /usr/share/nginx/html/2.5_Arrays_e_Pilhas/index1.php on line 63
[11-Nov-2020 09:45:16 America/Araguaina] PHP Parse error:  syntax error, unexpected 'echo' (T_ECHO), expecting ';' or ',' in /usr/share/nginx/html/2.5_Arrays_e_Pilhas/index1.php on line 63
[11-Nov-2020 09:45:17 America/Araguaina] PHP Parse error:  syntax error, unexpected 'echo' (T_ECHO), expecting ';' or ',' in /usr/share/nginx/html/2.5_Arrays_e_Pilhas/index1.php on line 63
